<?xml version="1.0" encoding="UTF-8"?>
<testng-results ignored="0" total="3" passed="0" failed="3" skipped="0">
  <reporter-output>
  </reporter-output>
  <suite started-at="2023-07-23T16:16:25Z" name="Suite1" finished-at="2023-07-23T16:17:12Z" duration-ms="47065">
    <groups>
      <group name="cucumber">
        <method signature="AbstractTestNGCucumberTests.runScenario(io.cucumber.testng.PickleWrapper, io.cucumber.testng.FeatureWrapper)[pri:0, instance:runner.TestRunner@26ceffa8]" name="runScenario" class="io.cucumber.testng.AbstractTestNGCucumberTests"/>
      </group> <!-- cucumber -->
    </groups>
    <test started-at="2023-07-23T16:16:25Z" name="Nopackage" finished-at="2023-07-23T16:17:12Z" duration-ms="47065">
      <class name="runner.TestRunner">
        <test-method is-config="true" signature="setUpClass(org.testng.ITestContext)[pri:0, instance:runner.TestRunner@26ceffa8]" started-at="2023-07-23T16:16:25Z" name="setUpClass" finished-at="2023-07-23T16:16:25Z" duration-ms="362" status="PASS">
          <params>
            <param index="0">
              <value>
                <![CDATA[org.testng.TestRunner@3fd9e827]]>
              </value>
            </param>
          </params>
          <reporter-output>
          </reporter-output>
        </test-method> <!-- setUpClass -->
        <test-method signature="runScenario(io.cucumber.testng.PickleWrapper, io.cucumber.testng.FeatureWrapper)[pri:0, instance:runner.TestRunner@26ceffa8]" started-at="2023-07-23T16:16:25Z" name="runScenario" description="Runs Cucumber Scenarios" data-provider="scenarios" finished-at="2023-07-23T16:16:33Z" duration-ms="7546" status="FAIL">
          <params>
            <param index="0">
              <value>
                <![CDATA["searching products on google"]]>
              </value>
            </param>
            <param index="1">
              <value>
                <![CDATA["searching products"]]>
              </value>
            </param>
          </params>
          <exception class="java.lang.Error">
            <message>
              <![CDATA[Unresolved compilation problem: 
Syntax error on token "|", delete this token
]]>
            </message>
            <full-stacktrace>
              <![CDATA[java.lang.Error: Unresolved compilation problem: 
Syntax error on token "|", delete this token

at steps.searchproducts.i_can_see_the_search_results_successfully(searchproducts.java:53)
at ✽.i can see the search results successfully(file:///C:/Users/sanando%20das/eclipse-workspace/com.google.searchMachine/Features/searchProducts.feature:10)
]]>
            </full-stacktrace>
          </exception> <!-- java.lang.Error -->
          <reporter-output>
          </reporter-output>
        </test-method> <!-- runScenario -->
        <test-method signature="runScenario(io.cucumber.testng.PickleWrapper, io.cucumber.testng.FeatureWrapper)[pri:0, instance:runner.TestRunner@26ceffa8]" started-at="2023-07-23T16:16:33Z" name="runScenario" description="Runs Cucumber Scenarios" data-provider="scenarios" finished-at="2023-07-23T16:16:47Z" duration-ms="14052" status="FAIL">
          <params>
            <param index="0">
              <value>
                <![CDATA["searching products on google"]]>
              </value>
            </param>
            <param index="1">
              <value>
                <![CDATA["searching products"]]>
              </value>
            </param>
          </params>
          <exception class="java.lang.Error">
            <message>
              <![CDATA[Unresolved compilation problem: 
Syntax error on token "|", delete this token
]]>
            </message>
            <full-stacktrace>
              <![CDATA[java.lang.Error: Unresolved compilation problem: 
Syntax error on token "|", delete this token

at steps.searchproducts.i_can_see_the_search_results_successfully(searchproducts.java:53)
at ✽.i can see the search results successfully(file:///C:/Users/sanando%20das/eclipse-workspace/com.google.searchMachine/Features/searchProducts.feature:10)
]]>
            </full-stacktrace>
          </exception> <!-- java.lang.Error -->
          <reporter-output>
          </reporter-output>
        </test-method> <!-- runScenario -->
        <test-method signature="runScenario(io.cucumber.testng.PickleWrapper, io.cucumber.testng.FeatureWrapper)[pri:0, instance:runner.TestRunner@26ceffa8]" started-at="2023-07-23T16:16:47Z" name="runScenario" description="Runs Cucumber Scenarios" data-provider="scenarios" finished-at="2023-07-23T16:17:12Z" duration-ms="25050" status="FAIL">
          <params>
            <param index="0">
              <value>
                <![CDATA["searching products on google"]]>
              </value>
            </param>
            <param index="1">
              <value>
                <![CDATA["searching products"]]>
              </value>
            </param>
          </params>
          <exception class="java.lang.Error">
            <message>
              <![CDATA[Unresolved compilation problem: 
Syntax error on token "|", delete this token
]]>
            </message>
            <full-stacktrace>
              <![CDATA[java.lang.Error: Unresolved compilation problem: 
Syntax error on token "|", delete this token

at steps.searchproducts.i_can_see_the_search_results_successfully(searchproducts.java:53)
at ✽.i can see the search results successfully(file:///C:/Users/sanando%20das/eclipse-workspace/com.google.searchMachine/Features/searchProducts.feature:10)
]]>
            </full-stacktrace>
          </exception> <!-- java.lang.Error -->
          <reporter-output>
          </reporter-output>
        </test-method> <!-- runScenario -->
        <test-method is-config="true" signature="tearDownClass()[pri:0, instance:runner.TestRunner@26ceffa8]" started-at="2023-07-23T16:17:12Z" name="tearDownClass" finished-at="2023-07-23T16:17:12Z" duration-ms="19" status="PASS">
          <reporter-output>
          </reporter-output>
        </test-method> <!-- tearDownClass -->
      </class> <!-- runner.TestRunner -->
    </test> <!-- Nopackage -->
  </suite> <!-- Suite1 -->
</testng-results>
